This is pdfTeX, Version 3.14159265-2.6-1.40.15 (TeX Live 2014/Debian) (preloaded format=pdflatex 2015.1.6)  19 MAR 2015 13:50
entering extended mode
 restricted \write18 enabled.
 %&-line parsing enabled.
**INR.tex
(./INR.tex
LaTeX2e <2014/05/01>
Babel <3.9k> and hyphenation patterns for 4 languages loaded.
(/usr/share/texlive/texmf-dist/tex/latex/base/article.cls
Document Class: article 2007/10/19 v1.4h Standard LaTeX document class
(/usr/share/texlive/texmf-dist/tex/latex/base/size10.clo
File: size10.clo 2007/10/19 v1.4h Standard LaTeX file (size option)
)
\c@part=\count79
\c@section=\count80
\c@subsection=\count81
\c@subsubsection=\count82
\c@paragraph=\count83
\c@subparagraph=\count84
\c@figure=\count85
\c@table=\count86
\abovecaptionskip=\skip41
\belowcaptionskip=\skip42
\bibindent=\dimen102
)
(/usr/share/texlive/texmf-dist/tex/latex/graphics/graphicx.sty
Package: graphicx 2014/04/25 v1.0g Enhanced LaTeX Graphics (DPC,SPQR)

(/usr/share/texlive/texmf-dist/tex/latex/graphics/keyval.sty
Package: keyval 2014/05/08 v1.15 key=value parser (DPC)
\KV@toks@=\toks14
)
(/usr/share/texlive/texmf-dist/tex/latex/graphics/graphics.sty
Package: graphics 2009/02/05 v1.0o Standard LaTeX Graphics (DPC,SPQR)

(/usr/share/texlive/texmf-dist/tex/latex/graphics/trig.sty
Package: trig 1999/03/16 v1.09 sin cos tan (DPC)
)
(/usr/share/texlive/texmf-dist/tex/latex/latexconfig/graphics.cfg
File: graphics.cfg 2010/04/23 v1.9 graphics configuration of TeX Live
)
Package graphics Info: Driver file: pdftex.def on input line 91.

(/usr/share/texlive/texmf-dist/tex/latex/pdftex-def/pdftex.def
File: pdftex.def 2011/05/27 v0.06d Graphics/color for pdfTeX

(/usr/share/texlive/texmf-dist/tex/generic/oberdiek/infwarerr.sty
Package: infwarerr 2010/04/08 v1.3 Providing info/warning/error messages (HO)
)
(/usr/share/texlive/texmf-dist/tex/generic/oberdiek/ltxcmds.sty
Package: ltxcmds 2011/11/09 v1.22 LaTeX kernel commands for general use (HO)
)
\Gread@gobject=\count87
))
\Gin@req@height=\dimen103
\Gin@req@width=\dimen104
)
(/usr/share/texlive/texmf-dist/tex/latex/biblatex/biblatex.sty
Package: biblatex 2014/06/25 v2.9a programmable bibliographies (PK/JW/AB)

(/usr/share/texlive/texmf-dist/tex/latex/biblatex/biblatex1.sty
Package: biblatex1 2014/06/25 v2.9a programmable bibliographies (bibtex) (PK/JW
/AB)

(/usr/share/texlive/texmf-dist/tex/latex/etoolbox/etoolbox.sty
Package: etoolbox 2011/01/03 v2.1 e-TeX tools for LaTeX

(/usr/share/texlive/texmf-dist/tex/latex/etex-pkg/etex.sty
Package: etex 1998/03/26 v2.0 eTeX basic definition package (PEB)
\et@xins=\count88
)
\etb@tempcnta=\count89
)
(/usr/share/texlive/texmf-dist/tex/latex/logreq/logreq.sty
Package: logreq 2010/08/04 v1.0 xml request logger
\lrq@indent=\count90

(/usr/share/texlive/texmf-dist/tex/latex/logreq/logreq.def
File: logreq.def 2010/08/04 v1.0 logreq spec v1.0
))
(/usr/share/texlive/texmf-dist/tex/latex/base/ifthen.sty
Package: ifthen 2001/05/26 v1.1c Standard LaTeX ifthen package (DPC)
)
(/usr/share/texlive/texmf-dist/tex/latex/url/url.sty
\Urlmuskip=\muskip10
Package: url 2013/09/16  ver 3.4  Verb mode for urls, etc.
)
\c@tabx@nest=\count91
\c@listtotal=\count92
\c@listcount=\count93
\c@liststart=\count94
\c@liststop=\count95
\c@citecount=\count96
\c@citetotal=\count97
\c@multicitecount=\count98
\c@multicitetotal=\count99
\c@instcount=\count100
\c@maxnames=\count101
\c@minnames=\count102
\c@maxitems=\count103
\c@minitems=\count104
\c@citecounter=\count105
\c@savedcitecounter=\count106
\c@uniquelist=\count107
\c@uniquename=\count108
\c@refsection=\count109
\c@refsegment=\count110
\c@maxextrayear=\count111
\c@maxextraalpha=\count112
\c@abbrvpenalty=\count113
\c@highnamepenalty=\count114
\c@lownamepenalty=\count115
\c@maxparens=\count116
\c@parenlevel=\count117
\blx@tempcnta=\count118
\blx@tempcntb=\count119
\blx@tempcntc=\count120
\blx@maxsection=\count121
\blx@maxsegment=\count122
\blx@notetype=\count123
\blx@parenlevel@text=\count124
\blx@parenlevel@foot=\count125
\labelnumberwidth=\skip43
\labelalphawidth=\skip44
\shorthandwidth=\skip45
\biblabelsep=\skip46
\bibitemsep=\skip47
\bibnamesep=\skip48
\bibinitsep=\skip49
\bibparsep=\skip50
\bibhang=\skip51
\blx@auxin=\read1
\blx@auxout=\write3
\c@mincomprange=\count126
\c@maxcomprange=\count127
\c@mincompwidth=\count128
\c@labelname=\count129
\c@savedlabelname=\count130
\c@author=\count131
\c@savedauthor=\count132
\c@shortauthor=\count133
\c@savedshortauthor=\count134
\c@editor=\count135
\c@savededitor=\count136
\c@editora=\count137
\c@savededitora=\count138
\c@editorb=\count139
\c@savededitorb=\count140
\c@editorc=\count141
\c@savededitorc=\count142
\c@shorteditor=\count143
\c@savedshorteditor=\count144
\c@bookauthor=\count145
\c@savedbookauthor=\count146
\c@translator=\count147
\c@savedtranslator=\count148
\c@annotator=\count149
\c@savedannotator=\count150
\c@commentator=\count151
\c@savedcommentator=\count152
\c@introduction=\count153
\c@savedintroduction=\count154
\c@foreword=\count155
\c@savedforeword=\count156
\c@afterword=\count157
\c@savedafterword=\count158
\c@holder=\count159
\c@savedholder=\count160
\c@namea=\count161
\c@savednamea=\count162
\c@nameb=\count163
\c@savednameb=\count164
\c@namec=\count165
\c@savednamec=\count166
\c@institution=\count167
\c@savedinstitution=\count168
\c@language=\count169
\c@savedlanguage=\count170
\c@location=\count171
\c@savedlocation=\count172
\c@organization=\count173
\c@savedorganization=\count174
\c@origlocation=\count175
\c@savedoriglocation=\count176
\c@origpublisher=\count177
\c@savedorigpublisher=\count178
\c@pageref=\count179
\c@savedpageref=\count180
\c@publisher=\count181
\c@savedpublisher=\count182
\c@lista=\count183
\c@savedlista=\count184
\c@listb=\count185
\c@savedlistb=\count186
\c@listc=\count187
\c@savedlistc=\count188
\c@listd=\count189
\c@savedlistd=\count190
\c@liste=\count191
\c@savedliste=\count192
\c@listf=\count193
\c@savedlistf=\count194
Package biblatex Info: Trying to load compatibility code...
Package biblatex Info: ... file 'blx-compat.def' found.

(/usr/share/texlive/texmf-dist/tex/latex/biblatex/blx-compat.def
File: blx-compat.def 2014/06/25 v2.9a biblatex compatibility (PK/JW/AB)
)
Package biblatex Info: Trying to load generic definitions...
Package biblatex Info: ... file 'biblatex.def' found.

(/usr/share/texlive/texmf-dist/tex/latex/biblatex/biblatex.def
File: biblatex.def 
\c@textcitecount=\count195
\c@textcitetotal=\count196
\c@textcitemaxnames=\count197
\c@biburlnumpenalty=\count198
\c@biburlucpenalty=\count199
\c@biburllcpenalty=\count200
\c@smartand=\count201
)
Package biblatex Info: Trying to load bibliography style 'numeric'...
Package biblatex Info: ... file 'numeric.bbx' found.

(/usr/share/texlive/texmf-dist/tex/latex/biblatex/bbx/numeric.bbx
File: numeric.bbx 2014/06/25 v2.9a biblatex bibliography style (PK/JW/AB)
Package biblatex Info: Trying to load bibliography style 'standard'...
Package biblatex Info: ... file 'standard.bbx' found.

(/usr/share/texlive/texmf-dist/tex/latex/biblatex/bbx/standard.bbx
File: standard.bbx 2014/06/25 v2.9a biblatex bibliography style (PK/JW/AB)
\c@bbx:relatedcount=\count202
\c@bbx:relatedtotal=\count203
))
Package biblatex Info: Trying to load citation style 'numeric'...
Package biblatex Info: ... file 'numeric.cbx' found.

(/usr/share/texlive/texmf-dist/tex/latex/biblatex/cbx/numeric.cbx
File: numeric.cbx 2014/06/25 v2.9a biblatex citation style (PK/JW/AB)
Package biblatex Info: Redefining '\cite'.
Package biblatex Info: Redefining '\parencite'.
Package biblatex Info: Redefining '\footcite'.
Package biblatex Info: Redefining '\footcitetext'.
Package biblatex Info: Redefining '\smartcite'.
Package biblatex Info: Redefining '\supercite'.
Package biblatex Info: Redefining '\textcite'.
Package biblatex Info: Redefining '\textcites'.
Package biblatex Info: Redefining '\cites'.
Package biblatex Info: Redefining '\parencites'.
Package biblatex Info: Redefining '\smartcites'.
)
Package biblatex Info: Trying to load configuration file...
Package biblatex Info: ... file 'biblatex.cfg' found.

(/usr/share/texlive/texmf-dist/tex/latex/biblatex/biblatex.cfg
File: biblatex.cfg 
)))
Package biblatex Info: Trying to load language 'english'...
Package biblatex Info: ... file 'english.lbx' found.

(/usr/share/texlive/texmf-dist/tex/latex/biblatex/lbx/english.lbx
File: english.lbx 2014/06/25 v2.9a biblatex localization (PK/JW/AB)
)
\@quotelevel=\count204
\@quotereset=\count205
 (./INR.aux)
\openout1 = `INR.aux'.

LaTeX Font Info:    Checking defaults for OML/cmm/m/it on input line 15.
LaTeX Font Info:    ... okay on input line 15.
LaTeX Font Info:    Checking defaults for T1/cmr/m/n on input line 15.
LaTeX Font Info:    ... okay on input line 15.
LaTeX Font Info:    Checking defaults for OT1/cmr/m/n on input line 15.
LaTeX Font Info:    ... okay on input line 15.
LaTeX Font Info:    Checking defaults for OMS/cmsy/m/n on input line 15.
LaTeX Font Info:    ... okay on input line 15.
LaTeX Font Info:    Checking defaults for OMX/cmex/m/n on input line 15.
LaTeX Font Info:    ... okay on input line 15.
LaTeX Font Info:    Checking defaults for U/cmr/m/n on input line 15.
LaTeX Font Info:    ... okay on input line 15.

(/usr/share/texlive/texmf-dist/tex/context/base/supp-pdf.mkii
[Loading MPS to PDF converter (version 2006.09.02).]
\scratchcounter=\count206
\scratchdimen=\dimen105
\scratchbox=\box26
\nofMPsegments=\count207
\nofMParguments=\count208
\everyMPshowfont=\toks15
\MPscratchCnt=\count209
\MPscratchDim=\dimen106
\MPnumerator=\count210
\makeMPintoPDFobject=\count211
\everyMPtoPDFconversion=\toks16
) (/usr/share/texlive/texmf-dist/tex/generic/oberdiek/pdftexcmds.sty
Package: pdftexcmds 2011/11/29 v0.20 Utility functions of pdfTeX for LuaTeX (HO
)

(/usr/share/texlive/texmf-dist/tex/generic/oberdiek/ifluatex.sty
Package: ifluatex 2010/03/01 v1.3 Provides the ifluatex switch (HO)
Package ifluatex Info: LuaTeX not detected.
)
(/usr/share/texlive/texmf-dist/tex/generic/oberdiek/ifpdf.sty
Package: ifpdf 2011/01/30 v2.3 Provides the ifpdf switch (HO)
Package ifpdf Info: pdfTeX in PDF mode is detected.
)
Package pdftexcmds Info: LuaTeX not detected.
Package pdftexcmds Info: \pdf@primitive is available.
Package pdftexcmds Info: \pdf@ifprimitive is available.
Package pdftexcmds Info: \pdfdraftmode found.
)
(/usr/share/texlive/texmf-dist/tex/latex/oberdiek/epstopdf-base.sty
Package: epstopdf-base 2010/02/09 v2.5 Base part for package epstopdf

(/usr/share/texlive/texmf-dist/tex/latex/oberdiek/grfext.sty
Package: grfext 2010/08/19 v1.1 Manage graphics extensions (HO)

(/usr/share/texlive/texmf-dist/tex/generic/oberdiek/kvdefinekeys.sty
Package: kvdefinekeys 2011/04/07 v1.3 Define keys (HO)
))
(/usr/share/texlive/texmf-dist/tex/latex/oberdiek/kvoptions.sty
Package: kvoptions 2011/06/30 v3.11 Key value format for package options (HO)

(/usr/share/texlive/texmf-dist/tex/generic/oberdiek/kvsetkeys.sty
Package: kvsetkeys 2012/04/25 v1.16 Key value parser (HO)

(/usr/share/texlive/texmf-dist/tex/generic/oberdiek/etexcmds.sty
Package: etexcmds 2011/02/16 v1.5 Avoid name clashes with e-TeX commands (HO)
Package etexcmds Info: Could not find \expanded.
(etexcmds)             That can mean that you are not using pdfTeX 1.50 or
(etexcmds)             that some package has redefined \expanded.
(etexcmds)             In the latter case, load this package earlier.
)))
Package grfext Info: Graphics extension search list:
(grfext)             [.png,.pdf,.jpg,.mps,.jpeg,.jbig2,.jb2,.PNG,.PDF,.JPG,.JPE
G,.JBIG2,.JB2,.eps]
(grfext)             \AppendGraphicsExtensions on input line 452.

(/usr/share/texlive/texmf-dist/tex/latex/latexconfig/epstopdf-sys.cfg
File: epstopdf-sys.cfg 2010/07/13 v1.3 Configuration of (r)epstopdf for TeX Liv
e
))
Package biblatex Info: No input encoding detected.
(biblatex)             Assuming 'ascii'.
Package biblatex Info: Automatic encoding selection.
(biblatex)             Assuming data encoding 'ascii'.
\openout3 = `INR-blx.bib'.

Package biblatex Info: Trying to load bibliographic data...
Package biblatex Info: ... file 'INR.bbl' not found.

No file INR.bbl.
Package biblatex Info: Reference section=0 on input line 15.
Package biblatex Info: Reference segment=0 on input line 15.
<images/uva.png, id=1, 144.7809pt x 144.7809pt>
File: images/uva.png Graphic file (type png)
 <use images/uva.png>
Package pdftex.def Info: images/uva.png used on input line 27.
(pdftex.def)             Requested size: 144.78053pt x 144.78053pt.
LaTeX Font Info:    External font `cmex10' loaded for size
(Font)              <7> on input line 35.
LaTeX Font Info:    External font `cmex10' loaded for size
(Font)              <5> on input line 35.
 [1

{/var/lib/texmf/fonts/map/pdftex/updmap/pdftex.map} <./images/uva.png (PNG copy
)>]
(./INR.toc [1])
\tf@toc=\write4
\openout4 = `INR.toc'.

 [2] <images/OSI-model.png, id=19, 405.515pt x 438.63875pt>
File: images/OSI-model.png Graphic file (type png)

<use images/OSI-model.png>
Package pdftex.def Info: images/OSI-model.png used on input line 56.
(pdftex.def)             Requested size: 283.85855pt x 307.04501pt.
LaTeX Font Info:    External font `cmex10' loaded for size
(Font)              <8> on input line 72.
LaTeX Font Info:    External font `cmex10' loaded for size
(Font)              <6> on input line 72.

Overfull \hbox (36.30548pt too wide) in paragraph at lines 72--72
[][]$\OT1/cmtt/m/n/8 http : / / www . tcpipguide . com / free / t _ TCPIPProces
sesMultiplexingandClientServerApplicati-[]2 .
 []


Overfull \hbox (2.69504pt too wide) in paragraph at lines 72--73
\OT1/cmr/m/n/10 when go-ing down the layer model, these pro-to-cols should be t
reated equally.
 []

[3 <./images/OSI-model.png>]
LaTeX Font Info:    Try loading font information for OMS+cmr on input line 87.

(/usr/share/texlive/texmf-dist/tex/latex/base/omscmr.fd
File: omscmr.fd 1999/05/25 v2.5h Standard LaTeX font definitions
)
LaTeX Font Info:    Font shape `OMS/cmr/m/n' in size <10> not available
(Font)              Font shape `OMS/cmsy/m/n' tried instead on input line 87.
 [4]
<images/IP-Header.png, id=33, 578.16pt x 416.2752pt>
File: images/IP-Header.png Graphic file (type png)

<use images/IP-Header.png>
Package pdftex.def Info: images/IP-Header.png used on input line 121.
(pdftex.def)             Requested size: 404.70924pt x 291.39066pt.

Overfull \hbox (59.70924pt too wide) in paragraph at lines 121--121
 [] 
 []

[5 <./images/IP-Header.png>]
Overfull \hbox (3.60962pt too wide) in paragraph at lines 132--132
[]\OT1/cmr/bx/n/14.4 CLEAN: Cal-cu-lat-ing, Legacy, En-di-an-ness, Ad-
 []

<images/BI-LI.png, id=37, 567.11874pt x 276.03125pt>
File: images/BI-LI.png Graphic file (type png)
 <use images/BI-LI.png>
Package pdftex.def Info: images/BI-LI.png used on input line 172.
(pdftex.def)             Requested size: 283.55867pt x 138.01527pt.

[6 <./images/BI-LI.png>]
Overfull \hbox (44.24687pt too wide) in paragraph at lines 210--211
[]$\OT1/cmtt/m/n/10 http : / / www . iana . nl / assignments / ipv6-[]address-[
]space / ipv6-[]address-[]space .
 []

[7] <images/IPv6-Header.png, id=47, 1053.9375pt x 803.0pt>
File: images/IPv6-Header.png Graphic file (type png)

<use images/IPv6-Header.png>
Package pdftex.def Info: images/IPv6-Header.png used on input line 269.
(pdftex.def)             Requested size: 474.2675pt x 361.34666pt.
 [8 <./images/IPv6-Header.png>]
<images/Ethernet.png, id=51, 477.785pt x 117.43875pt>
File: images/Ethernet.png Graphic file (type png)

<use images/Ethernet.png>
Package pdftex.def Info: images/Ethernet.png used on input line 302.
(pdftex.def)             Requested size: 334.44722pt x 82.20654pt.
 [9 <./images/Ethernet.png>]
Overfull \hbox (2.17412pt too wide) in paragraph at lines 317--318
[]\OT1/cmr/m/n/10 Same as be-fore but chang-
 []

<images/VLAN.png, id=56, 824.07875pt x 394.47375pt>
File: images/VLAN.png Graphic file (type png)
 <use images/VLAN.png>
Package pdftex.def Info: images/VLAN.png used on input line 356.
(pdftex.def)             Requested size: 412.03836pt x 197.23639pt.

[10] [11 <./images/VLAN.png>]
<images/STP-convergence.png, id=64, 389.455pt x 496.85625pt>
File: images/STP-convergence.png Graphic file (type png)

<use images/STP-convergence.png>
Package pdftex.def Info: images/STP-convergence.png used on input line 405.
(pdftex.def)             Requested size: 194.72702pt x 248.4275pt.
 [12 <./images/STP-convergence.png (PNG copy)>] <images/BPDU.png, id=69, 705.63
625pt x 378.41376pt>
File: images/BPDU.png Graphic file (type png)
 <use images/BPDU.png>
Package pdftex.def Info: images/BPDU.png used on input line 435.
(pdftex.def)             Requested size: 352.81726pt x 189.2064pt.

[13 <./images/BPDU.png>] [14]
Overfull \hbox (5.41731pt too wide) in paragraph at lines 490--491
\OT1/cmr/m/n/10 us-ing an Ex-ter-nal Gate-way Pro-to-col such as BGP4 (which ho
lds a monopoly
 []

[15] <images/bellman_ford.png, id=79, 566.115pt x 433.62pt>
File: images/bellman_ford.png Graphic file (type png)

<use images/bellman_ford.png>
Package pdftex.def Info: images/bellman_ford.png used on input line 524.
(pdftex.def)             Requested size: 339.67162pt x 260.17401pt.

<images/dijkstra.png, id=80, 572.1375pt x 435.6275pt>
File: images/dijkstra.png Graphic file (type png)

<use images/dijkstra.png>
Package pdftex.def Info: images/dijkstra.png used on input line 531.
(pdftex.def)             Requested size: 343.28514pt x 261.37851pt.
 [16 <./images/bellman_ford.png>] [17 <./images/dijkstra.png>]
Missing character: There is no â in font cmr10!
Missing character: There is no € in font cmr10!
Missing character: There is no ™ in font cmr10!

Overfull \hbox (10.60432pt too wide) in paragraph at lines 583--585
[]\OT1/cmr/m/n/10 Prevent in-cor-po-rat-ing pos-si-bly bad rout-ing in-for-ma-t
ion which
 []

<images/RIPv1.png, id=90, 459.7175pt x 162.6075pt>
File: images/RIPv1.png Graphic file (type png)
 <use images/RIPv1.png>
Package pdftex.def Info: images/RIPv1.png used on input line 589.
(pdftex.def)             Requested size: 275.83263pt x 97.56525pt.

[18 <./images/RIPv1.png>] <images/RIPv2.png, id=95, 608.2725pt x 220.825pt>
File: images/RIPv2.png Graphic file (type png)

<use images/RIPv2.png>
Package pdftex.def Info: images/RIPv2.png used on input line 626.
(pdftex.def)             Requested size: 304.13551pt x 110.41222pt.
 <images/RIPng.png, id=96, 615.29875pt x 213.79875pt>
File: images/RIPng.png Graphic file (type png)

<use images/RIPng.png>
Package pdftex.def Info: images/RIPng.png used on input line 640.
(pdftex.def)             Requested size: 307.64862pt x 106.89911pt.
 [19 <./images/RIPv2.png>] [20 <./images/RIPng.png>]
Overfull \hbox (1.02724pt too wide) in paragraph at lines 676--677
[]\OT1/cmr/m/n/10 Broadcast Net-works and NBMA net-works are rep-re-sented by v
ir-tual nodes. 
 []

[21] <images/OSPF.png, id=106, 534.99875pt x 221.82875pt>
File: images/OSPF.png Graphic file (type png)

<use images/OSPF.png>
Package pdftex.def Info: images/OSPF.png used on input line 746.
(pdftex.def)             Requested size: 267.49872pt x 110.9141pt.
 [22 <./images/OSPF.png>]
Overfull \hbox (1.17528pt too wide) in paragraph at lines 755--756
[]\OT1/cmr/m/n/10 Participates in ex-ter-nal
 []

[23] [24]

LaTeX Warning: Empty bibliography on input line 790.

(./INR.aux)
Package logreq Info: Writing requests to 'INR.run.xml'.
\openout1 = `INR.run.xml'.

 ) 
Here is how much of TeX's memory you used:
 6438 strings out of 494978
 105658 string characters out of 6180204
 264142 words of memory out of 5000000
 9588 multiletter control sequences out of 15000+600000
 8566 words of font info for 31 fonts, out of 8000000 for 9000
 36 hyphenation exceptions out of 8191
 38i,8n,33p,793b,664s stack positions out of 5000i,500n,10000p,200000b,80000s
</usr/share/texlive/texmf-dist/fonts/type1/public/amsfonts/cm/cmbx10.pfb></us
r/share/texlive/texmf-dist/fonts/type1/public/amsfonts/cm/cmbx12.pfb></usr/shar
e/texlive/texmf-dist/fonts/type1/public/amsfonts/cm/cmcsc10.pfb></usr/share/tex
live/texmf-dist/fonts/type1/public/amsfonts/cm/cmmi10.pfb></usr/share/texlive/t
exmf-dist/fonts/type1/public/amsfonts/cm/cmmi7.pfb></usr/share/texlive/texmf-di
st/fonts/type1/public/amsfonts/cm/cmr10.pfb></usr/share/texlive/texmf-dist/font
s/type1/public/amsfonts/cm/cmr12.pfb></usr/share/texlive/texmf-dist/fonts/type1
/public/amsfonts/cm/cmr6.pfb></usr/share/texlive/texmf-dist/fonts/type1/public/
amsfonts/cm/cmr7.pfb></usr/share/texlive/texmf-dist/fonts/type1/public/amsfonts
/cm/cmsy10.pfb></usr/share/texlive/texmf-dist/fonts/type1/public/amsfonts/cm/cm
ti10.pfb></usr/share/texlive/texmf-dist/fonts/type1/public/amsfonts/cm/cmtt10.p
fb></usr/share/texlive/texmf-dist/fonts/type1/public/amsfonts/cm/cmtt8.pfb>
Output written on INR.pdf (25 pages, 1254853 bytes).
PDF statistics:
 159 PDF objects out of 1000 (max. 8388607)
 97 compressed objects within 1 object stream
 0 named destinations out of 1000 (max. 500000)
 76 words of extra memory for PDF output out of 10000 (max. 10000000)

